<?xml version="1.0" encoding="UTF-8"?>
<!-- Generated by org.testng.reporters.JUnitXMLReporter -->
<testsuite ignored="2" hostname="DVTLF7KCHC2" failures="0" tests="1" name="Default test" time="13.56" errors="0" timestamp="2022-04-14T06:18:59 CEST">
  <testcase classname="testsTakealot.Tests" name="GIVEN_shopperIsOnTheLandingPage_WHEN_ShopperENtersDKNY_AND_ShopperclicksthesearchButton_THEN_DKNYBeDelicois50ml" time="9.173"/>
  <testcase classname="testsTakealot.Tests" name="GIVEN_ShopperOnLandingPage_WHEN_selectDailyDeals_THEN_DailyScreenOpen_AND_PhillipsAirfryerFirstItemDislayed" time="0.0">
    <ignored/>
  </testcase> <!-- GIVEN_ShopperOnLandingPage_WHEN_selectDailyDeals_THEN_DailyScreenOpen_AND_PhillipsAirfryerFirstItemDislayed -->
  <testcase classname="testsTakealot.Tests" name="GIVEN_ShooperOnLandingPage_WHEN_SearchforDKNY_AND_CleckOnSearch_THEN_FirstItemDKNY" time="0.0">
    <ignored/>
  </testcase> <!-- GIVEN_ShooperOnLandingPage_WHEN_SearchforDKNY_AND_CleckOnSearch_THEN_FirstItemDKNY -->
</testsuite> <!-- Default test -->
