<?xml version="1.0" encoding="UTF-8"?>
<!-- Generated by org.testng.reporters.JUnitXMLReporter -->
<testsuite ignored="4" hostname="DVTLF7KCHC2" failures="0" tests="1" name="Default test" time="21.376" errors="0" timestamp="2022-04-26T18:26:47 CEST">
  <testcase classname="testsTakealot.Tests" name="GIVEN_FirstItemDKNY_CheckWishList" time="15.807"/>
  <testcase classname="testsTakealot.Tests" name="GIVEN_shopperIsOnTheLandingPage_WHEN_ShopperENtersDKNY_AND_ShopperclicksthesearchButton_THEN_DKNYBeDelicois50ml" time="0.0">
    <ignored/>
  </testcase> <!-- GIVEN_shopperIsOnTheLandingPage_WHEN_ShopperENtersDKNY_AND_ShopperclicksthesearchButton_THEN_DKNYBeDelicois50ml -->
  <testcase classname="testsTakealot.Tests" name="GIVEN_FirstItemDKNY_Cart" time="0.0">
    <ignored/>
  </testcase> <!-- GIVEN_FirstItemDKNY_Cart -->
  <testcase classname="testsTakealot.Tests" name="GIVEN_FirstItemDKNY_CartANDAmendQTY" time="0.0">
    <ignored/>
  </testcase> <!-- GIVEN_FirstItemDKNY_CartANDAmendQTY -->
  <testcase classname="testsTakealot.Tests" name="SearchSiteWithExcel" time="0.0">
    <ignored/>
  </testcase> <!-- SearchSiteWithExcel -->
</testsuite> <!-- Default test -->
