<?xml version="1.0" encoding="UTF-8"?>
<testng-results ignored="2" total="3" passed="1" failed="0" skipped="0">
  <reporter-output>
  </reporter-output>
  <suite started-at="2022-05-12T16:25:21 CEST" name="Default suite" finished-at="2022-05-12T16:25:36 CEST" duration-ms="15219">
    <groups>
    </groups>
    <test started-at="2022-05-12T16:25:21 CEST" name="Default test" finished-at="2022-05-12T16:25:36 CEST" duration-ms="15219">
      <class name="testsTakealot.Tests">
        <test-method is-config="true" signature="setUp()[pri:0, instance:testsTakealot.Tests@3a7b503d]" started-at="2022-05-12T16:25:21 CEST" name="setUp" finished-at="2022-05-12T16:25:26 CEST" duration-ms="4641" status="PASS">
          <reporter-output>
          </reporter-output>
        </test-method> <!-- setUp -->
        <test-method signature="GIVEN_FirstItemDKNY_Cart()[pri:0, instance:testsTakealot.Tests@3a7b503d]" started-at="2022-05-12T16:25:26 CEST" name="GIVEN_FirstItemDKNY_Cart" finished-at="2022-05-12T16:25:36 CEST" duration-ms="10520" status="PASS">
          <reporter-output>
          </reporter-output>
        </test-method> <!-- GIVEN_FirstItemDKNY_Cart -->
      </class> <!-- testsTakealot.Tests -->
    </test> <!-- Default test -->
  </suite> <!-- Default suite -->
</testng-results>
