<?xml version="1.0" encoding="UTF-8"?>
<testng-results ignored="1" total="2" passed="1" failed="0" skipped="0">
  <reporter-output>
  </reporter-output>
  <suite started-at="2022-05-08T09:22:22 CEST" name="Default suite" finished-at="2022-05-08T09:22:33 CEST" duration-ms="11778">
    <groups>
    </groups>
    <test started-at="2022-05-08T09:22:22 CEST" name="Default test" finished-at="2022-05-08T09:22:33 CEST" duration-ms="11778">
      <class name="TestDatePicker.TestDatePicker">
        <test-method signature="datePickerTest1()[pri:0, instance:TestDatePicker.TestDatePicker@31c269fd]" started-at="2022-05-08T09:22:22 CEST" name="datePickerTest1" finished-at="2022-05-08T09:22:33 CEST" duration-ms="11706" status="PASS">
          <reporter-output>
          </reporter-output>
        </test-method> <!-- datePickerTest1 -->
      </class> <!-- TestDatePicker.TestDatePicker -->
    </test> <!-- Default test -->
  </suite> <!-- Default suite -->
</testng-results>
